1634871720987	geckodriver	INFO	Listening on 127.0.0.1:57598
1634871724059	mozrunner::runner	INFO	Running command: "C:\\Program Files\\Mozilla Firefox\\firefox.exe" "--marionette" "--remote-debugging-port" "57599" "-no-remote" "-profile" "C:\\Users\\HACIUZ~1\\AppData\\Local\\Temp\\rust_mozprofileoM7orS"
1634871724921	Marionette	INFO	Marionette enabled
console.warn: SearchSettings: "get: No settings file exists, new profile?" (new NotFoundError("Could not open the file at C:\\Users\\HACI UZDIL\\AppData\\Local\\Temp\\rust_mozprofileoM7orS\\search.json.mozlz4", (void 0)))
DevTools listening on ws://localhost:57599/devtools/browser/98136d43-641d-4ccf-b1e0-c57553292e7c
1634871727626	Marionette	INFO	Listening on port 57611
1634871727836	RemoteAgent	WARN	TLS certificate errors will be ignored for this session
JavaScript error: resource://services-settings/Attachments.jsm, line 391: TypeError: / is not a valid URL.
1634871755158	Marionette	INFO	Stopped listening on port 57611
JavaScript error: resource:///modules/Interactions.jsm, line 230: NS_ERROR_FAILURE: Component returned failure code: 0x80004005 (NS_ERROR_FAILURE) [nsIUserIdleService.removeIdleObserver]
1634872315465	geckodriver	INFO	Listening on 127.0.0.1:58495
1634872318536	mozrunner::runner	INFO	Running command: "C:\\Program Files\\Mozilla Firefox\\firefox.exe" "--marionette" "--remote-debugging-port" "58496" "-no-remote" "-profile" "C:\\Users\\HACIUZ~1\\AppData\\Local\\Temp\\rust_mozprofile2pQzea"
1634872351268	geckodriver	INFO	Listening on 127.0.0.1:58687
1634872354366	mozrunner::runner	INFO	Running command: "C:\\Program Files\\Mozilla Firefox\\firefox.exe" "--marionette" "--remote-debugging-port" "58688" "-no-remote" "-profile" "C:\\Users\\HACIUZ~1\\AppData\\Local\\Temp\\rust_mozprofile3ZqcR5"
1634872354769	Marionette	INFO	Marionette enabled
console.warn: SearchSettings: "get: No settings file exists, new profile?" (new NotFoundError("Could not open the file at C:\\Users\\HACI UZDIL\\AppData\\Local\\Temp\\rust_mozprofile3ZqcR5\\search.json.mozlz4", (void 0)))
DevTools listening on ws://localhost:58688/devtools/browser/755ebfc5-84e5-42dc-a7f7-9bc89219b673
1634872357203	Marionette	INFO	Listening on port 58698
1634872357616	RemoteAgent	WARN	TLS certificate errors will be ignored for this session
JavaScript error: resource://services-settings/Attachments.jsm, line 391: TypeError: / is not a valid URL.
SourceActor threw an exception: [Exception... "Component returned failure code: 0x80470002 (NS_BASE_STREAM_CLOSED) [nsIInputStream.available]"  nsresult: "0x80470002 (NS_BASE_STREAM_CLOSED)"  location: "JS frame :: resource://devtools/shared/DevToolsUtils.js :: onResponse :: line 567"  data: no]
Stack: onResponse@resource://devtools/shared/DevToolsUtils.js:567:34
onStopRequest@resource://gre/modules/NetUtil.jsm:128:18
Line: 567, column: 0
console.error: ({})
JavaScript error: resource://devtools/shared/DevToolsUtils.js, line 567: NS_BASE_STREAM_CLOSED: Component returned failure code: 0x80470002 (NS_BASE_STREAM_CLOSED) [nsIInputStream.available]
SourceActor threw an exception: [Exception... "Component returned failure code: 0x80470002 (NS_BASE_STREAM_CLOSED) [nsIInputStream.available]"  nsresult: "0x80470002 (NS_BASE_STREAM_CLOSED)"  location: "JS frame :: resource://devtools/shared/DevToolsUtils.js :: onResponse :: line 567"  data: no]
Stack: onResponse@resource://devtools/shared/DevToolsUtils.js:567:34
onStopRequest@resource://gre/modules/NetUtil.jsm:128:18
Line: 567, column: 0
console.error: ({})
JavaScript error: resource://devtools/shared/DevToolsUtils.js, line 567: NS_BASE_STREAM_CLOSED: Component returned failure code: 0x80470002 (NS_BASE_STREAM_CLOSED) [nsIInputStream.available]
1634872440993	Marionette	INFO	Stopped listening on port 58698
JavaScript error: resource:///modules/Interactions.jsm, line 201: NS_ERROR_FAILURE: Component returned failure code: 0x80004005 (NS_ERROR_FAILURE) [nsIUserIdleService.removeIdleObserver]
console.warn: TopSitesFeed: Failed to fetch data from Contile server: NetworkError when attempting to fetch resource.

###!!! [Parent][RunMessage] Error: Channel closing: too late to send/recv, messages will be lost

1634872450154	geckodriver	INFO	Listening on 127.0.0.1:58838
1634872453221	mozrunner::runner	INFO	Running command: "C:\\Program Files\\Mozilla Firefox\\firefox.exe" "--marionette" "--remote-debugging-port" "58839" "-no-remote" "-profile" "C:\\Users\\HACIUZ~1\\AppData\\Local\\Temp\\rust_mozprofileId5ac2"
1634872453567	Marionette	INFO	Marionette enabled
console.warn: SearchSettings: "get: No settings file exists, new profile?" (new NotFoundError("Could not open the file at C:\\Users\\HACI UZDIL\\AppData\\Local\\Temp\\rust_mozprofileId5ac2\\search.json.mozlz4", (void 0)))
DevTools listening on ws://localhost:58839/devtools/browser/2b9a482f-184d-4894-be87-3299ea0f3f8b
1634872455662	Marionette	INFO	Listening on port 58853
1634872455881	RemoteAgent	WARN	TLS certificate errors will be ignored for this session
JavaScript error: resource://services-settings/Attachments.jsm, line 391: TypeError: / is not a valid URL.
1634872514432	Marionette	INFO	Stopped listening on port 58853
JavaScript error: resource:///modules/Interactions.jsm, line 201: NS_ERROR_FAILURE: Component returned failure code: 0x80004005 (NS_ERROR_FAILURE) [nsIUserIdleService.removeIdleObserver]
console.warn: TopSitesFeed: Failed to fetch data from Contile server: NetworkError when attempting to fetch resource.

###!!! [Parent][RunMessage] Error: Channel closing: too late to send/recv, messages will be lost

